<?xml version="1.0" encoding="UTF-8"?>
<!-- Generated by org.testng.reporters.JUnitXMLReporter -->
<testsuite ignored="0" hostname="DESKTOP-QKIFPPL" failures="1" tests="1" name="SMC Test" time="0.049" errors="0" timestamp="2024-05-05T11:36:01 IST">
  <testcase classname="testCase.MyFirstTestFW" name="SignInTest" time="0.0">
    <failure type="org.testng.TestNGException" message="
Method public static void testCase.MyFirstTestFW.SignInTest(java.lang.String,java.lang.String) throws java.lang.InterruptedException requires a @DataProvider named : testdata">
      <![CDATA[org.testng.TestNGException: 
Method public static void testCase.MyFirstTestFW.SignInTest(java.lang.String,java.lang.String) throws java.lang.InterruptedException requires a @DataProvider named : testdata
at java.base/java.util.ArrayList.forEach(ArrayList.java:1596)
... Removed 24 stack frames]]>
    </failure>
  </testcase> <!-- SignInTest -->
</testsuite> <!-- SMC Test -->
